TN:
SF:/Users/timothy/Hack_Reactor/numbers-game/app/components/dashboard/EventsTableData.js
FN:25,EventsTableData
FN:55,(anonymous_3)
FNF:2
FNH:0
FNDA:0,EventsTableData
FNDA:0,(anonymous_3)
DA:1,1
DA:2,1
DA:3,1
DA:4,1
DA:5,1
DA:6,1
DA:7,1
DA:8,1
DA:10,1
DA:26,0
DA:56,0
DA:74,1
LF:12
LH:10
BRDA:30,1,0,0
BRDA:30,1,1,0
BRF:2
BRH:0
end_of_record
TN:
SF:/Users/timothy/Hack_Reactor/numbers-game/app/components/dashboard/JobsTableData.js
FN:25,JobsTableData
FN:56,(anonymous_3)
FNF:2
FNH:0
FNDA:0,JobsTableData
FNDA:0,(anonymous_3)
DA:1,1
DA:2,1
DA:3,1
DA:4,1
DA:5,1
DA:6,1
DA:7,1
DA:8,1
DA:10,1
DA:26,0
DA:57,0
DA:76,1
LF:12
LH:10
BRDA:30,1,0,0
BRDA:30,1,1,0
BRF:2
BRH:0
end_of_record
TN:
SF:/Users/timothy/Hack_Reactor/numbers-game/app/components/jobsearch/ResultsView.js
FN:25,ResultsViewComponent
FN:26,(anonymous_4)
FNF:2
FNH:0
FNDA:0,ResultsViewComponent
FNDA:0,(anonymous_4)
DA:1,1
DA:2,1
DA:3,1
DA:4,1
DA:5,1
DA:6,1
DA:7,1
DA:8,1
DA:10,1
DA:26,0
DA:38,0
DA:75,1
LF:12
LH:10
BRDA:41,1,0,0
BRDA:41,1,1,0
BRF:2
BRH:0
end_of_record
TN:
SF:/Users/timothy/Hack_Reactor/numbers-game/app/components/jobsearch/SearchBar.js
FN:5,SearchBar
FNF:1
FNH:1
FNDA:1,SearchBar
DA:1,1
DA:2,1
DA:6,1
DA:26,1
LF:4
LH:4
BRF:0
BRH:0
end_of_record
TN:
SF:/Users/timothy/Hack_Reactor/numbers-game/app/components/jobsearch/SiteSelect.js
FN:15,SiteSelectComponent
FNF:1
FNH:1
FNDA:1,SiteSelectComponent
DA:3,1
DA:4,1
DA:5,1
DA:7,1
DA:17,1
DA:20,1
DA:23,0
DA:26,1
LF:8
LH:7
BRF:0
BRH:0
end_of_record
TN:
SF:/Users/timothy/Hack_Reactor/numbers-game/app/components/jobview/JobData.js
FN:24,handleActive
FN:28,JobData
FNF:2
FNH:1
FNDA:0,handleActive
FNDA:1,JobData
DA:1,1
DA:2,1
DA:3,1
DA:4,1
DA:6,1
DA:7,1
DA:8,1
DA:10,1
DA:25,0
DA:28,1
DA:78,1
LF:11
LH:10
BRF:0
BRH:0
end_of_record
TN:
SF:/Users/timothy/Hack_Reactor/numbers-game/app/components/signin/signin.js
FN:6,SignIn
FNF:1
FNH:1
FNDA:1,SignIn
DA:2,1
DA:3,1
DA:4,1
DA:7,1
LF:4
LH:4
BRF:0
BRH:0
end_of_record
TN:
SF:/Users/timothy/Hack_Reactor/numbers-game/app/config/actionTypes.js
FNF:0
FNH:0
DA:2,1
DA:3,1
DA:6,1
DA:7,1
DA:8,1
DA:11,1
DA:12,1
DA:13,1
DA:14,1
DA:15,1
DA:16,1
DA:18,1
DA:21,1
DA:22,1
DA:23,1
DA:24,1
DA:27,1
DA:28,1
DA:29,1
DA:30,1
DA:33,1
LF:21
LH:21
BRF:0
BRH:0
end_of_record
TN:
SF:/Users/timothy/Hack_Reactor/numbers-game/app/config/reducers.js
FN:14,app
FN:37,db
FN:62,jobs
FN:65,(anonymous_5)
FN:67,(anonymous_6)
FN:70,(anonymous_7)
FN:85,events
FN:88,(anonymous_9)
FN:90,(anonymous_10)
FN:101,contacts
FN:104,(anonymous_12)
FN:106,(anonymous_13)
FNF:12
FNH:8
FNDA:5,app
FNDA:5,db
FNDA:5,jobs
FNDA:3,(anonymous_5)
FNDA:0,(anonymous_6)
FNDA:0,(anonymous_7)
FNDA:5,events
FNDA:3,(anonymous_9)
FNDA:0,(anonymous_10)
FNDA:5,contacts
FNDA:3,(anonymous_12)
FNDA:0,(anonymous_13)
DA:1,1
DA:2,1
DA:4,1
DA:9,1
DA:15,5
DA:17,0
DA:21,1
DA:25,4
DA:32,1
DA:38,5
DA:40,0
DA:45,0
DA:50,0
DA:55,5
DA:63,5
DA:65,1
DA:67,0
DA:70,0
DA:72,0
DA:73,0
DA:76,0
DA:78,4
DA:86,5
DA:88,1
DA:90,0
DA:94,4
DA:102,5
DA:104,1
DA:106,0
DA:110,4
DA:114,1
LF:31
LH:20
BRDA:14,1,0,5
BRDA:14,1,1,0
BRDA:14,2,0,5
BRDA:14,2,1,5
BRDA:16,3,0,0
BRDA:16,3,1,1
BRDA:16,3,2,4
BRDA:37,4,0,5
BRDA:37,4,1,0
BRDA:37,5,0,5
BRDA:37,5,1,5
BRDA:39,6,0,0
BRDA:39,6,1,0
BRDA:39,6,2,0
BRDA:39,6,3,5
BRDA:62,7,0,5
BRDA:62,7,1,0
BRDA:62,8,0,5
BRDA:62,8,1,5
BRDA:64,9,0,1
BRDA:64,9,1,0
BRDA:64,9,2,0
BRDA:64,9,3,4
BRDA:72,10,0,0
BRDA:72,10,1,0
BRDA:85,11,0,5
BRDA:85,11,1,0
BRDA:85,12,0,5
BRDA:85,12,1,5
BRDA:87,13,0,1
BRDA:87,13,1,0
BRDA:87,13,2,4
BRDA:101,14,0,5
BRDA:101,14,1,0
BRDA:101,15,0,5
BRDA:101,15,1,5
BRDA:103,16,0,1
BRDA:103,16,1,0
BRDA:103,16,2,0
BRDA:103,16,3,0
BRDA:103,16,4,4
BRF:41
BRH:24
end_of_record
TN:
SF:/Users/timothy/Hack_Reactor/numbers-game/database/config.js
FNF:0
FNH:0
DA:1,1
LF:1
LH:1
BRF:0
BRH:0
end_of_record
TN:
SF:/Users/timothy/Hack_Reactor/numbers-game/database/thinkylocal.js
FNF:0
FNH:0
DA:5,1
DA:7,1
DA:9,1
LF:3
LH:3
BRF:0
BRH:0
end_of_record
TN:
SF:/Users/timothy/Hack_Reactor/numbers-game/database/models/job.js
FNF:0
FNH:0
DA:3,1
DA:4,1
DA:6,1
DA:21,1
DA:24,1
DA:25,1
LF:6
LH:6
BRF:0
BRH:0
end_of_record
TN:
SF:/Users/timothy/Hack_Reactor/numbers-game/database/models/user.js
FNF:0
FNH:0
DA:3,1
DA:4,1
DA:6,1
DA:16,1
DA:19,1
DA:20,1
LF:6
LH:6
BRF:0
BRH:0
end_of_record
TN:
SF:/Users/timothy/Hack_Reactor/numbers-game/server/config.js
FNF:0
FNH:0
DA:1,1
DA:6,1
LF:2
LH:2
BRF:0
BRH:0
end_of_record
TN:
SF:/Users/timothy/Hack_Reactor/numbers-game/server/server.js
FN:17,createConnection
FN:70,_callee
FN:76,authed
FN:83,_callee2
FN:86,_callee3
FN:89,_callee4
FNF:6
FNH:1
FNDA:1,createConnection
FNDA:0,_callee
FNDA:0,authed
FNDA:0,_callee2
FNDA:0,_callee3
FNDA:0,_callee4
DA:3,1
DA:4,1
DA:5,1
DA:6,1
DA:7,1
DA:8,1
DA:9,1
DA:10,1
DA:11,1
DA:12,1
DA:13,1
DA:14,1
DA:19,1
DA:20,1
DA:22,0
DA:23,0
DA:28,1
DA:30,1
DA:31,1
DA:32,1
DA:42,1
DA:43,1
DA:44,1
DA:47,1
DA:48,1
DA:51,1
DA:52,1
DA:53,1
DA:54,1
DA:55,1
DA:56,1
DA:59,1
DA:64,1
DA:70,1
DA:71,0
DA:72,0
DA:80,0
DA:83,1
DA:86,1
DA:89,1
DA:94,1
DA:100,1
DA:101,1
LF:43
LH:38
BRDA:23,1,0,0
BRDA:23,1,1,0
BRF:2
BRH:0
end_of_record
TN:
SF:/Users/timothy/Hack_Reactor/numbers-game/server/controllers/auth.js
FN:15,(anonymous_1)
FN:27,(anonymous_2)
FN:42,(anonymous_3)
FN:46,(anonymous_4)
FNF:4
FNH:0
FNDA:0,(anonymous_1)
FNDA:0,(anonymous_2)
FNDA:0,(anonymous_3)
FNDA:0,(anonymous_4)
DA:3,1
DA:4,1
DA:5,1
DA:6,1
DA:8,1
DA:16,0
DA:23,0
DA:24,0
DA:28,0
DA:29,0
DA:30,0
DA:31,0
DA:32,0
DA:34,0
DA:35,0
DA:38,0
DA:42,1
DA:43,0
DA:46,1
DA:47,0
DA:50,1
LF:21
LH:8
BRDA:28,1,0,0
BRDA:28,1,1,0
BRDA:30,2,0,0
BRDA:30,2,1,0
BRF:4
BRH:0
end_of_record
TN:
SF:/Users/timothy/Hack_Reactor/numbers-game/server/controllers/jobs.js
FN:9,_callee
FN:29,(anonymous_3)
FN:46,_callee2
FN:62,_callee3
FN:68,(anonymous_8)
FN:76,_callee4
FN:90,_callee5
FNF:7
FNH:0
FNDA:0,_callee
FNDA:0,(anonymous_3)
FNDA:0,_callee2
FNDA:0,_callee3
FNDA:0,(anonymous_8)
FNDA:0,_callee4
FNDA:0,_callee5
DA:3,1
DA:4,1
DA:5,1
DA:6,1
DA:7,1
DA:9,1
DA:10,0
DA:13,0
DA:14,0
DA:15,0
DA:17,0
DA:18,0
DA:22,0
DA:23,0
DA:24,0
DA:26,0
DA:28,0
DA:29,0
DA:30,0
DA:42,0
DA:43,0
DA:46,1
DA:47,0
DA:49,0
DA:50,0
DA:51,0
DA:52,0
DA:53,0
DA:57,0
DA:58,0
DA:62,1
DA:65,0
DA:66,0
DA:71,0
DA:72,0
DA:76,1
DA:80,0
DA:81,0
DA:82,0
DA:84,0
DA:85,0
DA:86,0
DA:90,1
DA:93,0
DA:94,0
DA:96,0
DA:98,0
DA:99,0
DA:100,0
LF:49
LH:10
BRDA:14,1,0,0
BRDA:14,1,1,0
BRDA:23,2,0,0
BRDA:23,2,1,0
BRDA:28,3,0,0
BRDA:28,3,1,0
BRDA:58,4,0,0
BRDA:58,4,1,0
BRDA:72,5,0,0
BRDA:72,5,1,0
BRDA:86,6,0,0
BRDA:86,6,1,0
BRDA:100,7,0,0
BRDA:100,7,1,0
BRF:14
BRH:0
end_of_record
TN:
SF:/Users/timothy/Hack_Reactor/numbers-game/server/controllers/user.js
FN:7,_callee
FNF:1
FNH:0
FNDA:0,_callee
DA:3,1
DA:4,1
DA:5,1
DA:7,1
DA:9,0
DA:13,0
DA:15,0
DA:17,0
DA:18,0
LF:9
LH:4
BRDA:10,1,0,0
BRDA:10,1,1,0
BRDA:18,2,0,0
BRDA:18,2,1,0
BRF:4
BRH:0
end_of_record
TN:
SF:/Users/timothy/Hack_Reactor/numbers-game/server/controllers/userLookup.js
FN:5,_callee
FNF:1
FNH:0
FNDA:0,_callee
DA:2,1
DA:5,1
DA:6,0
DA:7,0
DA:8,0
DA:9,0
DA:11,0
DA:15,0
LF:8
LH:2
BRF:0
BRH:0
end_of_record
